<?xml version="1.0" encoding="UTF-8"?>
<!-- Generated by org.testng.reporters.JUnitReportReporter -->
<testsuite hostname="LAPTOP-QS489F9U" failures="0" tests="4" name="WeatherMap_API.WeatherMap.WeatherAPIGetRequests" time="4.210" errors="0" timestamp="2021-05-10T16:25:52 IST" skipped="0">
  <testcase classname="WeatherMap_API.WeatherMap.WeatherAPIGetRequests" name="apiGetByRectangleZone" time="0.141"/>
  <system-out/>
  <testcase classname="WeatherMap_API.WeatherMap.WeatherAPIGetRequests" name="apiGetByCircleResponse" time="0.988"/>
  <system-out/>
  <testcase classname="WeatherMap_API.WeatherMap.WeatherAPIGetRequests" name="apiResponseTime" time="0.124"/>
  <system-out/>
  <testcase classname="WeatherMap_API.WeatherMap.WeatherAPIGetRequests" name="apiGetByCircle" time="2.957"/>
  <system-out/>
</testsuite> <!-- WeatherMap_API.WeatherMap.WeatherAPIGetRequests -->
