<?xml version="1.0" encoding="UTF-8"?>
<!-- Generated by org.testng.reporters.JUnitReportReporter -->
<testsuite hostname="LAPTOP-QS489F9U" failures="0" tests="1" name="com.Test.FlightTest" time="6.615" errors="0" timestamp="2021-05-10T16:30:57 IST" skipped="0">
  <testcase classname="com.Test.FlightTest" name="add" time="6.615"/>
  <system-out/>
</testsuite> <!-- com.Test.FlightTest -->
