<?xml version="1.0" encoding="UTF-8"?>
<!-- Generated by org.testng.reporters.JUnitReportReporter -->
<testsuite hostname="LAPTOP-QS489F9U" failures="0" tests="1" name="com.Test.FlightTest" time="4.663" errors="0" timestamp="2021-05-11T13:36:07 IST" skipped="0">
  <testcase classname="com.Test.FlightTest" name="booking" time="4.663"/>
  <system-out/>
</testsuite> <!-- com.Test.FlightTest -->
